  [1m[35m (4.2ms)[0m  [1m[34mSELECT sqlite_version(*)[0m
  [1m[35m (0.1ms)[0m  [1m[34mSELECT sqlite_version(*)[0m
Started GET "/" for 127.0.0.1 at 2022-04-29 16:04:16 +0300
  [1m[35m (5.1ms)[0m  [1m[34mSELECT sqlite_version(*)[0m
  [1m[35m (6.4ms)[0m  [1m[35mCREATE TABLE "schema_migrations" ("version" varchar NOT NULL PRIMARY KEY)[0m
  [1m[35m (4.1ms)[0m  [1m[35mCREATE TABLE "ar_internal_metadata" ("key" varchar NOT NULL PRIMARY KEY, "value" varchar, "created_at" datetime(6) NOT NULL, "updated_at" datetime(6) NOT NULL)[0m
  [1m[36mActiveRecord::SchemaMigration Pluck (0.3ms)[0m  [1m[34mSELECT "schema_migrations"."version" FROM "schema_migrations" ORDER BY "schema_migrations"."version" ASC[0m
  
ActiveRecord::PendingMigrationError (

Migrations are pending. To resolve this issue, run:

        bin/rails db:migrate RAILS_ENV=development

You have 1 pending migration:

20220429130337_create_posts.rb


):
  
activerecord (7.0.2.4) lib/active_record/migration.rb:627:in `check_pending!'
activerecord (7.0.2.4) lib/active_record/migration.rb:592:in `block (2 levels) in call'
activesupport (7.0.2.4) lib/active_support/file_update_checker.rb:83:in `execute'
activerecord (7.0.2.4) lib/active_record/migration.rb:597:in `block in call'
activerecord (7.0.2.4) lib/active_record/migration.rb:589:in `synchronize'
activerecord (7.0.2.4) lib/active_record/migration.rb:589:in `call'
actionpack (7.0.2.4) lib/action_dispatch/middleware/callbacks.rb:27:in `block in call'
activesupport (7.0.2.4) lib/active_support/callbacks.rb:99:in `run_callbacks'
actionpack (7.0.2.4) lib/action_dispatch/middleware/callbacks.rb:26:in `call'
actionpack (7.0.2.4) lib/action_dispatch/middleware/executor.rb:14:in `call'
actionpack (7.0.2.4) lib/action_dispatch/middleware/actionable_exceptions.rb:17:in `call'
actionpack (7.0.2.4) lib/action_dispatch/middleware/debug_exceptions.rb:28:in `call'
web-console (4.2.0) lib/web_console/middleware.rb:132:in `call_app'
web-console (4.2.0) lib/web_console/middleware.rb:28:in `block in call'
web-console (4.2.0) lib/web_console/middleware.rb:17:in `catch'
web-console (4.2.0) lib/web_console/middleware.rb:17:in `call'
actionpack (7.0.2.4) lib/action_dispatch/middleware/show_exceptions.rb:26:in `call'
railties (7.0.2.4) lib/rails/rack/logger.rb:36:in `call_app'
railties (7.0.2.4) lib/rails/rack/logger.rb:25:in `block in call'
activesupport (7.0.2.4) lib/active_support/tagged_logging.rb:99:in `block in tagged'
activesupport (7.0.2.4) lib/active_support/tagged_logging.rb:37:in `tagged'
activesupport (7.0.2.4) lib/active_support/tagged_logging.rb:99:in `tagged'
railties (7.0.2.4) lib/rails/rack/logger.rb:25:in `call'
sprockets-rails (3.4.2) lib/sprockets/rails/quiet_assets.rb:13:in `call'
actionpack (7.0.2.4) lib/action_dispatch/middleware/remote_ip.rb:93:in `call'
actionpack (7.0.2.4) lib/action_dispatch/middleware/request_id.rb:26:in `call'
rack (2.2.3) lib/rack/method_override.rb:24:in `call'
rack (2.2.3) lib/rack/runtime.rb:22:in `call'
activesupport (7.0.2.4) lib/active_support/cache/strategy/local_cache_middleware.rb:29:in `call'
actionpack (7.0.2.4) lib/action_dispatch/middleware/server_timing.rb:20:in `call'
actionpack (7.0.2.4) lib/action_dispatch/middleware/executor.rb:14:in `call'
actionpack (7.0.2.4) lib/action_dispatch/middleware/static.rb:23:in `call'
rack (2.2.3) lib/rack/sendfile.rb:110:in `call'
actionpack (7.0.2.4) lib/action_dispatch/middleware/host_authorization.rb:137:in `call'
railties (7.0.2.4) lib/rails/engine.rb:530:in `call'
puma (5.6.4) lib/puma/configuration.rb:252:in `call'
puma (5.6.4) lib/puma/request.rb:77:in `block in handle_request'
puma (5.6.4) lib/puma/thread_pool.rb:340:in `with_force_shutdown'
puma (5.6.4) lib/puma/request.rb:76:in `handle_request'
puma (5.6.4) lib/puma/server.rb:441:in `process_client'
puma (5.6.4) lib/puma/thread_pool.rb:147:in `block in spawn_thread'
Started POST "/rails/actions" for 127.0.0.1 at 2022-04-29 16:04:25 +0300
  [1m[36mActiveRecord::SchemaMigration Pluck (0.1ms)[0m  [1m[34mSELECT "schema_migrations"."version" FROM "schema_migrations" ORDER BY "schema_migrations"."version" ASC[0m
Migrating to CreatePosts (20220429130337)
  [1m[36mTRANSACTION (0.1ms)[0m  [1m[36mbegin transaction[0m
  [1m[35m (1.4ms)[0m  [1m[35mCREATE TABLE "posts" ("id" integer PRIMARY KEY AUTOINCREMENT NOT NULL, "title" varchar, "description" text, "created_at" datetime(6) NOT NULL, "updated_at" datetime(6) NOT NULL)[0m
  [1m[36mActiveRecord::SchemaMigration Create (0.3ms)[0m  [1m[32mINSERT INTO "schema_migrations" ("version") VALUES (?)[0m  [["version", "20220429130337"]]
  [1m[36mTRANSACTION (3.5ms)[0m  [1m[36mcommit transaction[0m
  [1m[36mActiveRecord::InternalMetadata Load (0.3ms)[0m  [1m[34mSELECT "ar_internal_metadata".* FROM "ar_internal_metadata" WHERE "ar_internal_metadata"."key" = ? LIMIT ?[0m  [["key", "environment"], ["LIMIT", 1]]
  [1m[36mTRANSACTION (0.1ms)[0m  [1m[36mbegin transaction[0m
  [1m[36mActiveRecord::InternalMetadata Create (0.9ms)[0m  [1m[32mINSERT INTO "ar_internal_metadata" ("key", "value", "created_at", "updated_at") VALUES (?, ?, ?, ?)[0m  [["key", "environment"], ["value", "development"], ["created_at", "2022-04-29 13:04:25.229723"], ["updated_at", "2022-04-29 13:04:25.229723"]]
  [1m[36mTRANSACTION (3.5ms)[0m  [1m[36mcommit transaction[0m
  [1m[36mActiveRecord::SchemaMigration Pluck (0.3ms)[0m  [1m[34mSELECT "schema_migrations"."version" FROM "schema_migrations" ORDER BY "schema_migrations"."version" ASC[0m
Started GET "/" for 127.0.0.1 at 2022-04-29 16:04:25 +0300
  [1m[35m (0.1ms)[0m  [1m[34mSELECT sqlite_version(*)[0m
  [1m[36mActiveRecord::SchemaMigration Pluck (0.3ms)[0m  [1m[34mSELECT "schema_migrations"."version" FROM "schema_migrations" ORDER BY "schema_migrations"."version" ASC[0m
Processing by Rails::WelcomeController#index as HTML
  Rendering D:/Apps/Ruby/Ruby31-x64/lib/ruby/gems/3.1.0/gems/railties-7.0.2.4/lib/rails/templates/rails/welcome/index.html.erb
  Rendered D:/Apps/Ruby/Ruby31-x64/lib/ruby/gems/3.1.0/gems/railties-7.0.2.4/lib/rails/templates/rails/welcome/index.html.erb (Duration: 0.8ms | Allocations: 314)
Completed 200 OK in 26ms (Views: 2.3ms | ActiveRecord: 0.0ms | Allocations: 2708)


Started GET "/posts" for 127.0.0.1 at 2022-04-29 16:04:36 +0300
Processing by PostsController#index as HTML
  Rendering layout layouts/application.html.erb
  Rendering posts/index.html.erb within layouts/application
  [1m[36mPost Load (0.3ms)[0m  [1m[34mSELECT "posts".* FROM "posts"[0m
  ↳ app/views/posts/index.html.erb:6
  Rendered posts/index.html.erb within layouts/application (Duration: 7.0ms | Allocations: 1319)
  Rendered layout layouts/application.html.erb (Duration: 410.9ms | Allocations: 76415)
Completed 500 Internal Server Error in 439ms (ActiveRecord: 0.3ms | Allocations: 78240)


  
ActionView::Template::Error (Permission denied @ rb_file_s_rename - (D:/workspace/PWeb/News-application/tmp/cache/assets/sprockets/v4.0.0/1d/1dg1zfx_P6_H4vJcfq_0GFr3yzn5ufMFK96PWeogO0A.cache.22920.13144.583599, D:/workspace/PWeb/News-application/tmp/cache/assets/sprockets/v4.0.0/1d/1dg1zfx_P6_H4vJcfq_0GFr3yzn5ufMFK96PWeogO0A.cache)):
  
sprockets (4.0.3) lib/sprockets/path_utils.rb:362:in `rename'
sprockets (4.0.3) lib/sprockets/path_utils.rb:362:in `atomic_write'
sprockets (4.0.3) lib/sprockets/cache/file_store.rb:112:in `set'
sprockets (4.0.3) lib/sprockets/cache.rb:227:in `set'
sprockets (4.0.3) lib/sprockets/cache.rb:93:in `fetch'
sprockets (4.0.3) lib/sprockets/base.rb:71:in `file_digest'
sprockets (4.0.3) lib/sprockets/unloaded_asset.rb:105:in `dependency_history_key'
sprockets (4.0.3) lib/sprockets/loader.rb:324:in `fetch_asset_from_dependency_cache'
sprockets (4.0.3) lib/sprockets/loader.rb:43:in `load'
sprockets (4.0.3) lib/sprockets/cached_environment.rb:44:in `load'
sprockets (4.0.3) lib/sprockets/base.rb:81:in `find_asset'
sprockets (4.0.3) lib/sprockets/base.rb:88:in `find_all_linked_assets'
sprockets (4.0.3) lib/sprockets/manifest.rb:125:in `each'
sprockets (4.0.3) lib/sprockets/manifest.rb:125:in `to_a'
sprockets (4.0.3) lib/sprockets/manifest.rb:125:in `block (2 levels) in find'
concurrent-ruby (1.1.10) lib/concurrent-ruby/concurrent/executor/safe_task_executor.rb:24:in `block in execute'
concurrent-ruby (1.1.10) lib/concurrent-ruby/concurrent/synchronization/mutex_lockable_object.rb:47:in `block in synchronize'
concurrent-ruby (1.1.10) lib/concurrent-ruby/concurrent/synchronization/mutex_lockable_object.rb:47:in `synchronize'
concurrent-ruby (1.1.10) lib/concurrent-ruby/concurrent/synchronization/mutex_lockable_object.rb:47:in `synchronize'
concurrent-ruby (1.1.10) lib/concurrent-ruby/concurrent/executor/safe_task_executor.rb:22:in `execute'
concurrent-ruby (1.1.10) lib/concurrent-ruby/concurrent/promise.rb:564:in `block in realize'
concurrent-ruby (1.1.10) lib/concurrent-ruby/concurrent/executor/ruby_thread_pool_executor.rb:352:in `run_task'
concurrent-ruby (1.1.10) lib/concurrent-ruby/concurrent/executor/ruby_thread_pool_executor.rb:343:in `block (3 levels) in create_worker'
concurrent-ruby (1.1.10) lib/concurrent-ruby/concurrent/executor/ruby_thread_pool_executor.rb:334:in `loop'
concurrent-ruby (1.1.10) lib/concurrent-ruby/concurrent/executor/ruby_thread_pool_executor.rb:334:in `block (2 levels) in create_worker'
concurrent-ruby (1.1.10) lib/concurrent-ruby/concurrent/executor/ruby_thread_pool_executor.rb:333:in `catch'
concurrent-ruby (1.1.10) lib/concurrent-ruby/concurrent/executor/ruby_thread_pool_executor.rb:333:in `block in create_worker'
Started GET "/post" for 127.0.0.1 at 2022-04-29 16:04:44 +0300
  
ActionController::RoutingError (No route matches [GET] "/post"):
  
Started GET "/posts" for 127.0.0.1 at 2022-04-29 16:05:06 +0300
Processing by PostsController#index as HTML
  Rendering layout layouts/application.html.erb
  Rendering posts/index.html.erb within layouts/application
  [1m[36mPost Load (0.2ms)[0m  [1m[34mSELECT "posts".* FROM "posts"[0m
  ↳ app/views/posts/index.html.erb:6
  Rendered posts/index.html.erb within layouts/application (Duration: 2.3ms | Allocations: 751)
  Rendered layout layouts/application.html.erb (Duration: 67.3ms | Allocations: 18826)
Completed 200 OK in 70ms (Views: 68.8ms | ActiveRecord: 0.2ms | Allocations: 19182)


Started GET "/posts/new" for 127.0.0.1 at 2022-04-29 16:05:09 +0300
Processing by PostsController#new as HTML
  Rendering layout layouts/application.html.erb
  Rendering posts/new.html.erb within layouts/application
  Rendered posts/_form.html.erb (Duration: 180.2ms | Allocations: 17209)
  Rendered posts/new.html.erb within layouts/application (Duration: 182.3ms | Allocations: 17529)
  Rendered layout layouts/application.html.erb (Duration: 188.6ms | Allocations: 18699)
Completed 200 OK in 199ms (Views: 191.0ms | ActiveRecord: 1.4ms | Allocations: 21260)


Started POST "/posts" for 127.0.0.1 at 2022-04-29 16:05:51 +0300
Processing by PostsController#create as HTML
  Parameters: {"authenticity_token"=>"[FILTERED]", "post"=>{"title"=>"Hello World", "description"=>"Hello my dear fiend, this is my first Ruby application. Nice to meet you here."}, "commit"=>"Create Post"}
  [1m[36mTRANSACTION (0.2ms)[0m  [1m[36mbegin transaction[0m
  ↳ app/controllers/posts_controller.rb:27:in `block in create'
  [1m[36mPost Create (4.7ms)[0m  [1m[32mINSERT INTO "posts" ("title", "description", "created_at", "updated_at") VALUES (?, ?, ?, ?)[0m  [["title", "Hello World"], ["description", "Hello my dear fiend, this is my first Ruby application. Nice to meet you here."], ["created_at", "2022-04-29 13:05:51.472383"], ["updated_at", "2022-04-29 13:05:51.472383"]]
  ↳ app/controllers/posts_controller.rb:27:in `block in create'
  [1m[36mTRANSACTION (4.3ms)[0m  [1m[36mcommit transaction[0m
  ↳ app/controllers/posts_controller.rb:27:in `block in create'
Redirected to http://127.0.0.1:3000/posts/1
Completed 302 Found in 24ms (ActiveRecord: 9.2ms | Allocations: 2743)


Started GET "/posts/1" for 127.0.0.1 at 2022-04-29 16:05:51 +0300
Processing by PostsController#show as HTML
  Parameters: {"id"=>"1"}
  [1m[36mPost Load (0.3ms)[0m  [1m[34mSELECT "posts".* FROM "posts" WHERE "posts"."id" = ? LIMIT ?[0m  [["id", 1], ["LIMIT", 1]]
  ↳ app/controllers/posts_controller.rb:63:in `set_post'
  Rendering layout layouts/application.html.erb
  Rendering posts/show.html.erb within layouts/application
  Rendered posts/_post.html.erb (Duration: 1.1ms | Allocations: 220)
  Rendered posts/show.html.erb within layouts/application (Duration: 185.1ms | Allocations: 12520)
  Rendered layout layouts/application.html.erb (Duration: 189.9ms | Allocations: 13676)
Completed 200 OK in 197ms (Views: 191.6ms | ActiveRecord: 0.3ms | Allocations: 15354)


Started GET "/posts" for 127.0.0.1 at 2022-04-29 16:06:01 +0300
Processing by PostsController#index as HTML
  Rendering layout layouts/application.html.erb
  Rendering posts/index.html.erb within layouts/application
  [1m[36mPost Load (0.4ms)[0m  [1m[34mSELECT "posts".* FROM "posts"[0m
  ↳ app/views/posts/index.html.erb:6
  Rendered posts/_post.html.erb (Duration: 0.1ms | Allocations: 29)
  Rendered posts/index.html.erb within layouts/application (Duration: 5.3ms | Allocations: 1038)
  Rendered layout layouts/application.html.erb (Duration: 13.6ms | Allocations: 2103)
Completed 200 OK in 17ms (Views: 15.0ms | ActiveRecord: 0.4ms | Allocations: 2431)


Started GET "/rails/info/routes" for 127.0.0.1 at 2022-04-29 16:06:21 +0300
Processing by Rails::InfoController#routes as HTML
  Rendering layout D:/Apps/Ruby/Ruby31-x64/lib/ruby/gems/3.1.0/gems/railties-7.0.2.4/lib/rails/templates/layouts/application.html.erb
  Rendering D:/Apps/Ruby/Ruby31-x64/lib/ruby/gems/3.1.0/gems/railties-7.0.2.4/lib/rails/templates/rails/info/routes.html.erb within layouts/application
  Rendered collection of D:/Apps/Ruby/Ruby31-x64/lib/ruby/gems/3.1.0/gems/actionpack-7.0.2.4/lib/action_dispatch/middleware/templates/routes/_route.html.erb [38 times] (Duration: 10.2ms | Allocations: 6472)
  Rendered D:/Apps/Ruby/Ruby31-x64/lib/ruby/gems/3.1.0/gems/actionpack-7.0.2.4/lib/action_dispatch/middleware/templates/routes/_table.html.erb (Duration: 1.3ms | Allocations: 854)
  Rendered D:/Apps/Ruby/Ruby31-x64/lib/ruby/gems/3.1.0/gems/railties-7.0.2.4/lib/rails/templates/rails/info/routes.html.erb within layouts/application (Duration: 20.4ms | Allocations: 11756)
  Rendered layout D:/Apps/Ruby/Ruby31-x64/lib/ruby/gems/3.1.0/gems/railties-7.0.2.4/lib/rails/templates/layouts/application.html.erb (Duration: 22.1ms | Allocations: 12044)
Completed 200 OK in 28ms (Views: 25.6ms | ActiveRecord: 0.0ms | Allocations: 13011)


  [1m[35m (13.6ms)[0m  [1m[34mSELECT sqlite_version(*)[0m
  [1m[36mActiveRecord::SchemaMigration Pluck (0.3ms)[0m  [1m[34mSELECT "schema_migrations"."version" FROM "schema_migrations" ORDER BY "schema_migrations"."version" ASC[0m
Migrating to DeviseCreateUsers (20220429231357)
  [1m[36mTRANSACTION (0.1ms)[0m  [1m[36mbegin transaction[0m
  [1m[35m (1.2ms)[0m  [1m[35mCREATE TABLE "users" ("id" integer PRIMARY KEY AUTOINCREMENT NOT NULL, "email" varchar DEFAULT '' NOT NULL, "encrypted_password" varchar DEFAULT '' NOT NULL, "reset_password_token" varchar, "reset_password_sent_at" datetime(6), "remember_created_at" datetime(6), "sign_in_count" integer DEFAULT 0 NOT NULL, "current_sign_in_at" datetime(6), "last_sign_in_at" datetime(6), "current_sign_in_ip" varchar, "last_sign_in_ip" varchar, "confirmation_token" varchar, "confirmed_at" datetime(6), "confirmation_sent_at" datetime(6), "unconfirmed_email" varchar, "failed_attempts" integer DEFAULT 0 NOT NULL, "unlock_token" varchar, "locked_at" datetime(6), "created_at" datetime(6) NOT NULL, "updated_at" datetime(6) NOT NULL)[0m
  [1m[35m (0.2ms)[0m  [1m[35mCREATE UNIQUE INDEX "index_users_on_email" ON "users" ("email")[0m
  [1m[35m (0.1ms)[0m  [1m[35mCREATE UNIQUE INDEX "index_users_on_reset_password_token" ON "users" ("reset_password_token")[0m
  [1m[35m (0.2ms)[0m  [1m[35mCREATE UNIQUE INDEX "index_users_on_confirmation_token" ON "users" ("confirmation_token")[0m
  [1m[35m (0.2ms)[0m  [1m[35mCREATE UNIQUE INDEX "index_users_on_unlock_token" ON "users" ("unlock_token")[0m
  [1m[36mActiveRecord::SchemaMigration Create (0.2ms)[0m  [1m[32mINSERT INTO "schema_migrations" ("version") VALUES (?)[0m  [["version", "20220429231357"]]
  [1m[36mTRANSACTION (3.3ms)[0m  [1m[36mcommit transaction[0m
  [1m[36mActiveRecord::InternalMetadata Load (0.3ms)[0m  [1m[34mSELECT "ar_internal_metadata".* FROM "ar_internal_metadata" WHERE "ar_internal_metadata"."key" = ? LIMIT ?[0m  [["key", "environment"], ["LIMIT", 1]]
  [1m[35m (0.1ms)[0m  [1m[34mSELECT sqlite_version(*)[0m
  [1m[36mActiveRecord::SchemaMigration Pluck (0.1ms)[0m  [1m[34mSELECT "schema_migrations"."version" FROM "schema_migrations" ORDER BY "schema_migrations"."version" ASC[0m
Started GET "/" for 127.0.0.1 at 2022-04-30 02:20:09 +0300
  [1m[35m (3.5ms)[0m  [1m[34mSELECT sqlite_version(*)[0m
  [1m[36mActiveRecord::SchemaMigration Pluck (0.6ms)[0m  [1m[34mSELECT "schema_migrations"."version" FROM "schema_migrations" ORDER BY "schema_migrations"."version" ASC[0m
Processing by Rails::WelcomeController#index as HTML
  Rendering D:/Apps/Ruby/Ruby31-x64/lib/ruby/gems/3.1.0/gems/railties-7.0.2.4/lib/rails/templates/rails/welcome/index.html.erb
  Rendered D:/Apps/Ruby/Ruby31-x64/lib/ruby/gems/3.1.0/gems/railties-7.0.2.4/lib/rails/templates/rails/welcome/index.html.erb (Duration: 37.8ms | Allocations: 514)
Completed 200 OK in 207ms (Views: 88.9ms | ActiveRecord: 0.0ms | Allocations: 3554)


Started GET "/posts" for 127.0.0.1 at 2022-04-30 02:20:19 +0300
Processing by PostsController#index as HTML
  Rendering layout layouts/application.html.erb
  Rendering posts/index.html.erb within layouts/application
  [1m[36mPost Load (0.2ms)[0m  [1m[34mSELECT "posts".* FROM "posts"[0m
  ↳ app/views/posts/index.html.erb:6
  Rendered posts/_post.html.erb (Duration: 18.8ms | Allocations: 241)
  Rendered posts/index.html.erb within layouts/application (Duration: 67.7ms | Allocations: 5658)
  Rendered layout layouts/application.html.erb (Duration: 485.1ms | Allocations: 28035)
Completed 200 OK in 504ms (Views: 487.6ms | ActiveRecord: 2.1ms | Allocations: 29625)


Started GET "/users/sign_in" for 127.0.0.1 at 2022-04-30 02:20:24 +0300
Processing by Devise::SessionsController#new as HTML
  Rendering layout layouts/application.html.erb
  Rendering D:/Apps/Ruby/Ruby31-x64/lib/ruby/gems/3.1.0/gems/devise-4.8.1/app/views/devise/sessions/new.html.erb within layouts/application
  Rendered D:/Apps/Ruby/Ruby31-x64/lib/ruby/gems/3.1.0/gems/devise-4.8.1/app/views/devise/shared/_links.html.erb (Duration: 2.0ms | Allocations: 875)
  Rendered D:/Apps/Ruby/Ruby31-x64/lib/ruby/gems/3.1.0/gems/devise-4.8.1/app/views/devise/sessions/new.html.erb within layouts/application (Duration: 226.8ms | Allocations: 6720)
  Rendered layout layouts/application.html.erb (Duration: 231.8ms | Allocations: 8002)
Completed 200 OK in 262ms (Views: 240.8ms | ActiveRecord: 1.2ms | Allocations: 19201)


Started GET "/users/sign_up" for 127.0.0.1 at 2022-04-30 02:20:37 +0300
Processing by Devise::RegistrationsController#new as HTML
  Rendering layout layouts/application.html.erb
  Rendering D:/Apps/Ruby/Ruby31-x64/lib/ruby/gems/3.1.0/gems/devise-4.8.1/app/views/devise/registrations/new.html.erb within layouts/application
  Rendered D:/Apps/Ruby/Ruby31-x64/lib/ruby/gems/3.1.0/gems/devise-4.8.1/app/views/devise/shared/_error_messages.html.erb (Duration: 1.0ms | Allocations: 219)
  Rendered D:/Apps/Ruby/Ruby31-x64/lib/ruby/gems/3.1.0/gems/devise-4.8.1/app/views/devise/shared/_links.html.erb (Duration: 0.5ms | Allocations: 268)
  Rendered D:/Apps/Ruby/Ruby31-x64/lib/ruby/gems/3.1.0/gems/devise-4.8.1/app/views/devise/registrations/new.html.erb within layouts/application (Duration: 7.0ms | Allocations: 2343)
  Rendered layout layouts/application.html.erb (Duration: 13.4ms | Allocations: 3636)
Completed 200 OK in 20ms (Views: 17.7ms | ActiveRecord: 0.0ms | Allocations: 4927)


Started POST "/users" for 127.0.0.1 at 2022-04-30 02:20:53 +0300
Processing by Devise::RegistrationsController#create as HTML
  Parameters: {"authenticity_token"=>"[FILTERED]", "user"=>{"email"=>"sarapovaaniuta@gmail.com", "password"=>"[FILTERED]", "password_confirmation"=>"[FILTERED]"}, "commit"=>"Sign up"}
  [1m[36mTRANSACTION (0.2ms)[0m  [1m[36mbegin transaction[0m
  [1m[36mUser Exists? (0.5ms)[0m  [1m[34mSELECT 1 AS one FROM "users" WHERE "users"."email" = ? LIMIT ?[0m  [["email", "sarapovaaniuta@gmail.com"], ["LIMIT", 1]]
  [1m[36mUser Create (30.3ms)[0m  [1m[32mINSERT INTO "users" ("email", "encrypted_password", "reset_password_token", "reset_password_sent_at", "remember_created_at", "sign_in_count", "current_sign_in_at", "last_sign_in_at", "current_sign_in_ip", "last_sign_in_ip", "confirmation_token", "confirmed_at", "confirmation_sent_at", "unconfirmed_email", "failed_attempts", "unlock_token", "locked_at", "created_at", "updated_at") VALUES (?, ?, ?, ?, ?, ?, ?, ?, ?, ?, ?, ?, ?, ?, ?, ?, ?, ?, ?)[0m  [["email", "sarapovaaniuta@gmail.com"], ["encrypted_password", "[FILTERED]"], ["reset_password_token", "[FILTERED]"], ["reset_password_sent_at", "[FILTERED]"], ["remember_created_at", nil], ["sign_in_count", 0], ["current_sign_in_at", nil], ["last_sign_in_at", nil], ["current_sign_in_ip", nil], ["last_sign_in_ip", nil], ["confirmation_token", "[FILTERED]"], ["confirmed_at", nil], ["confirmation_sent_at", "2022-04-29 23:20:54.276253"], ["unconfirmed_email", nil], ["failed_attempts", 0], ["unlock_token", "[FILTERED]"], ["locked_at", nil], ["created_at", "2022-04-29 23:20:54.275643"], ["updated_at", "2022-04-29 23:20:54.275643"]]
  [1m[36mTRANSACTION (17.0ms)[0m  [1m[36mcommit transaction[0m
  Rendering D:/Apps/Ruby/Ruby31-x64/lib/ruby/gems/3.1.0/gems/devise-4.8.1/app/views/devise/mailer/confirmation_instructions.html.erb
  Rendered D:/Apps/Ruby/Ruby31-x64/lib/ruby/gems/3.1.0/gems/devise-4.8.1/app/views/devise/mailer/confirmation_instructions.html.erb (Duration: 1.0ms | Allocations: 375)
Devise::Mailer#confirmation_instructions: processed outbound mail in 25.7ms
Delivered mail 626c72d6cb41a_1c0c3930722cc@DESKTOP-OU4NRNQ.mail (321.3ms)
Date: Sat, 30 Apr 2022 02:20:54 +0300
From: please-change-me-at-config-initializers-devise@example.com
Reply-To: please-change-me-at-config-initializers-devise@example.com
To: sarapovaaniuta@gmail.com
Message-ID: <626c72d6cb41a_1c0c3930722cc@DESKTOP-OU4NRNQ.mail>
Subject: Confirmation instructions
Mime-Version: 1.0
Content-Type: text/html;
 charset=UTF-8
Content-Transfer-Encoding: 7bit

<p>Welcome sarapovaaniuta@gmail.com!</p>

<p>You can confirm your account email through the link below:</p>

<p><a href="http://localhost:3000/users/confirmation?confirmation_token=vzDoAVg_hd5EmyfMwa3U">Confirm my account</a></p>

Redirected to http://127.0.0.1:3000/
Completed 302 Found in 1373ms (ActiveRecord: 47.9ms | Allocations: 56649)


Started GET "/" for 127.0.0.1 at 2022-04-30 02:20:55 +0300
Processing by Rails::WelcomeController#index as HTML
  Rendering D:/Apps/Ruby/Ruby31-x64/lib/ruby/gems/3.1.0/gems/railties-7.0.2.4/lib/rails/templates/rails/welcome/index.html.erb
  Rendered D:/Apps/Ruby/Ruby31-x64/lib/ruby/gems/3.1.0/gems/railties-7.0.2.4/lib/rails/templates/rails/welcome/index.html.erb (Duration: 1.1ms | Allocations: 305)
Completed 200 OK in 5ms (Views: 3.2ms | ActiveRecord: 0.0ms | Allocations: 926)


Started GET "/posts" for 127.0.0.1 at 2022-04-30 02:21:13 +0300
Processing by PostsController#index as HTML
  Rendering layout layouts/application.html.erb
  Rendering posts/index.html.erb within layouts/application
  [1m[36mPost Load (0.5ms)[0m  [1m[34mSELECT "posts".* FROM "posts"[0m
  ↳ app/views/posts/index.html.erb:6
  Rendered posts/_post.html.erb (Duration: 0.2ms | Allocations: 33)
  Rendered posts/index.html.erb within layouts/application (Duration: 6.2ms | Allocations: 1156)
  Rendered layout layouts/application.html.erb (Duration: 12.3ms | Allocations: 2418)
Completed 200 OK in 15ms (Views: 13.5ms | ActiveRecord: 0.5ms | Allocations: 2747)


Started GET "/users/sign_in" for 127.0.0.1 at 2022-04-30 02:22:11 +0300
Processing by Devise::SessionsController#new as HTML
  Rendering layout layouts/application.html.erb
  Rendering D:/Apps/Ruby/Ruby31-x64/lib/ruby/gems/3.1.0/gems/devise-4.8.1/app/views/devise/sessions/new.html.erb within layouts/application
  Rendered D:/Apps/Ruby/Ruby31-x64/lib/ruby/gems/3.1.0/gems/devise-4.8.1/app/views/devise/shared/_links.html.erb (Duration: 0.3ms | Allocations: 256)
  Rendered D:/Apps/Ruby/Ruby31-x64/lib/ruby/gems/3.1.0/gems/devise-4.8.1/app/views/devise/sessions/new.html.erb within layouts/application (Duration: 3.2ms | Allocations: 1445)
  Rendered layout layouts/application.html.erb (Duration: 9.4ms | Allocations: 2546)
Completed 200 OK in 14ms (Views: 11.8ms | ActiveRecord: 0.0ms | Allocations: 3202)


Started GET "/users/sign_up" for 127.0.0.1 at 2022-04-30 02:22:13 +0300
Processing by Devise::RegistrationsController#new as HTML
  Rendering layout layouts/application.html.erb
  Rendering D:/Apps/Ruby/Ruby31-x64/lib/ruby/gems/3.1.0/gems/devise-4.8.1/app/views/devise/registrations/new.html.erb within layouts/application
  Rendered D:/Apps/Ruby/Ruby31-x64/lib/ruby/gems/3.1.0/gems/devise-4.8.1/app/views/devise/shared/_error_messages.html.erb (Duration: 0.1ms | Allocations: 23)
  Rendered D:/Apps/Ruby/Ruby31-x64/lib/ruby/gems/3.1.0/gems/devise-4.8.1/app/views/devise/shared/_links.html.erb (Duration: 0.6ms | Allocations: 201)
  Rendered D:/Apps/Ruby/Ruby31-x64/lib/ruby/gems/3.1.0/gems/devise-4.8.1/app/views/devise/registrations/new.html.erb within layouts/application (Duration: 4.2ms | Allocations: 1362)
  Rendered layout layouts/application.html.erb (Duration: 15.0ms | Allocations: 2471)
Completed 200 OK in 19ms (Views: 17.0ms | ActiveRecord: 0.0ms | Allocations: 3057)


Started POST "/users" for 127.0.0.1 at 2022-04-30 02:22:30 +0300
Processing by Devise::RegistrationsController#create as HTML
  Parameters: {"authenticity_token"=>"[FILTERED]", "user"=>{"email"=>"sarapovaaniuta@gmail.com", "password"=>"[FILTERED]", "password_confirmation"=>"[FILTERED]"}, "commit"=>"Sign up"}
  [1m[36mTRANSACTION (0.3ms)[0m  [1m[36mbegin transaction[0m
  [1m[36mUser Exists? (0.6ms)[0m  [1m[34mSELECT 1 AS one FROM "users" WHERE "users"."email" = ? LIMIT ?[0m  [["email", "sarapovaaniuta@gmail.com"], ["LIMIT", 1]]
  [1m[36mTRANSACTION (0.1ms)[0m  [1m[31mrollback transaction[0m
  Rendering layout layouts/application.html.erb
  Rendering D:/Apps/Ruby/Ruby31-x64/lib/ruby/gems/3.1.0/gems/devise-4.8.1/app/views/devise/registrations/new.html.erb within layouts/application
  Rendered D:/Apps/Ruby/Ruby31-x64/lib/ruby/gems/3.1.0/gems/devise-4.8.1/app/views/devise/shared/_error_messages.html.erb (Duration: 1.4ms | Allocations: 579)
  Rendered D:/Apps/Ruby/Ruby31-x64/lib/ruby/gems/3.1.0/gems/devise-4.8.1/app/views/devise/shared/_links.html.erb (Duration: 0.6ms | Allocations: 201)
  Rendered D:/Apps/Ruby/Ruby31-x64/lib/ruby/gems/3.1.0/gems/devise-4.8.1/app/views/devise/registrations/new.html.erb within layouts/application (Duration: 6.7ms | Allocations: 2499)
  Rendered layout layouts/application.html.erb (Duration: 15.7ms | Allocations: 3607)
Completed 200 OK in 457ms (Views: 17.7ms | ActiveRecord: 1.1ms | Allocations: 8577)


Started POST "/users" for 127.0.0.1 at 2022-04-30 02:22:54 +0300
Processing by Devise::RegistrationsController#create as HTML
  Parameters: {"authenticity_token"=>"[FILTERED]", "user"=>{"email"=>"test@test.com", "password"=>"[FILTERED]", "password_confirmation"=>"[FILTERED]"}, "commit"=>"Sign up"}
  [1m[36mTRANSACTION (0.1ms)[0m  [1m[36mbegin transaction[0m
  [1m[36mUser Exists? (0.5ms)[0m  [1m[34mSELECT 1 AS one FROM "users" WHERE "users"."email" = ? LIMIT ?[0m  [["email", "test@test.com"], ["LIMIT", 1]]
  [1m[36mUser Create (31.1ms)[0m  [1m[32mINSERT INTO "users" ("email", "encrypted_password", "reset_password_token", "reset_password_sent_at", "remember_created_at", "sign_in_count", "current_sign_in_at", "last_sign_in_at", "current_sign_in_ip", "last_sign_in_ip", "confirmation_token", "confirmed_at", "confirmation_sent_at", "unconfirmed_email", "failed_attempts", "unlock_token", "locked_at", "created_at", "updated_at") VALUES (?, ?, ?, ?, ?, ?, ?, ?, ?, ?, ?, ?, ?, ?, ?, ?, ?, ?, ?)[0m  [["email", "test@test.com"], ["encrypted_password", "[FILTERED]"], ["reset_password_token", "[FILTERED]"], ["reset_password_sent_at", "[FILTERED]"], ["remember_created_at", nil], ["sign_in_count", 0], ["current_sign_in_at", nil], ["last_sign_in_at", nil], ["current_sign_in_ip", nil], ["last_sign_in_ip", nil], ["confirmation_token", "[FILTERED]"], ["confirmed_at", nil], ["confirmation_sent_at", "2022-04-29 23:22:54.711495"], ["unconfirmed_email", nil], ["failed_attempts", 0], ["unlock_token", "[FILTERED]"], ["locked_at", nil], ["created_at", "2022-04-29 23:22:54.711338"], ["updated_at", "2022-04-29 23:22:54.711338"]]
  [1m[36mTRANSACTION (17.3ms)[0m  [1m[36mcommit transaction[0m
  Rendering D:/Apps/Ruby/Ruby31-x64/lib/ruby/gems/3.1.0/gems/devise-4.8.1/app/views/devise/mailer/confirmation_instructions.html.erb
  Rendered D:/Apps/Ruby/Ruby31-x64/lib/ruby/gems/3.1.0/gems/devise-4.8.1/app/views/devise/mailer/confirmation_instructions.html.erb (Duration: 0.7ms | Allocations: 99)
Devise::Mailer#confirmation_instructions: processed outbound mail in 5.0ms
Delivered mail 626c734ebddf7_1c0c682472321@DESKTOP-OU4NRNQ.mail (125.0ms)
Date: Sat, 30 Apr 2022 02:22:54 +0300
From: please-change-me-at-config-initializers-devise@example.com
Reply-To: please-change-me-at-config-initializers-devise@example.com
To: test@test.com
Message-ID: <626c734ebddf7_1c0c682472321@DESKTOP-OU4NRNQ.mail>
Subject: Confirmation instructions
Mime-Version: 1.0
Content-Type: text/html;
 charset=UTF-8
Content-Transfer-Encoding: 7bit

<p>Welcome test@test.com!</p>

<p>You can confirm your account email through the link below:</p>

<p><a href="http://localhost:3000/users/confirmation?confirmation_token=m9FCc6gnBxAQvEYGLa5s">Confirm my account</a></p>

Redirected to http://127.0.0.1:3000/
Completed 302 Found in 644ms (ActiveRecord: 48.9ms | Allocations: 11240)


Started GET "/" for 127.0.0.1 at 2022-04-30 02:22:54 +0300
Processing by Rails::WelcomeController#index as HTML
  Rendering D:/Apps/Ruby/Ruby31-x64/lib/ruby/gems/3.1.0/gems/railties-7.0.2.4/lib/rails/templates/rails/welcome/index.html.erb
  Rendered D:/Apps/Ruby/Ruby31-x64/lib/ruby/gems/3.1.0/gems/railties-7.0.2.4/lib/rails/templates/rails/welcome/index.html.erb (Duration: 0.2ms | Allocations: 28)
Completed 200 OK in 3ms (Views: 1.9ms | ActiveRecord: 0.0ms | Allocations: 254)


Started GET "/users/confirmation?confirmation_token=[FILTERED]" for ::1 at 2022-04-30 02:23:07 +0300
Processing by Devise::ConfirmationsController#show as HTML
  Parameters: {"confirmation_token"=>"[FILTERED]"}
  [1m[36mUser Load (0.8ms)[0m  [1m[34mSELECT "users".* FROM "users" WHERE "users"."confirmation_token" = ? ORDER BY "users"."id" ASC LIMIT ?[0m  [["confirmation_token", "[FILTERED]"], ["LIMIT", 1]]
  [1m[36mTRANSACTION (0.1ms)[0m  [1m[36mbegin transaction[0m
  [1m[36mUser Update (1.0ms)[0m  [1m[33mUPDATE "users" SET "confirmed_at" = ?, "updated_at" = ? WHERE "users"."id" = ?[0m  [["confirmed_at", "2022-04-29 23:23:07.516477"], ["updated_at", "2022-04-29 23:23:07.517016"], ["id", 2]]
  [1m[36mTRANSACTION (4.0ms)[0m  [1m[36mcommit transaction[0m
Redirected to http://localhost:3000/users/sign_in
Completed 302 Found in 26ms (ActiveRecord: 5.9ms | Allocations: 5894)


Started GET "/users/sign_in" for ::1 at 2022-04-30 02:23:07 +0300
Processing by Devise::SessionsController#new as HTML
  Rendering layout layouts/application.html.erb
  Rendering D:/Apps/Ruby/Ruby31-x64/lib/ruby/gems/3.1.0/gems/devise-4.8.1/app/views/devise/sessions/new.html.erb within layouts/application
  Rendered D:/Apps/Ruby/Ruby31-x64/lib/ruby/gems/3.1.0/gems/devise-4.8.1/app/views/devise/shared/_links.html.erb (Duration: 0.8ms | Allocations: 258)
  Rendered D:/Apps/Ruby/Ruby31-x64/lib/ruby/gems/3.1.0/gems/devise-4.8.1/app/views/devise/sessions/new.html.erb within layouts/application (Duration: 3.8ms | Allocations: 1445)
  Rendered layout layouts/application.html.erb (Duration: 11.5ms | Allocations: 2641)
Completed 200 OK in 15ms (Views: 13.3ms | ActiveRecord: 0.0ms | Allocations: 3353)


Started POST "/users/sign_in" for ::1 at 2022-04-30 02:23:21 +0300
Processing by Devise::SessionsController#create as HTML
  Parameters: {"authenticity_token"=>"[FILTERED]", "user"=>{"email"=>"test@test.com", "password"=>"[FILTERED]", "remember_me"=>"1"}, "commit"=>"Log in"}
  [1m[36mUser Load (0.6ms)[0m  [1m[34mSELECT "users".* FROM "users" WHERE "users"."email" = ? ORDER BY "users"."id" ASC LIMIT ?[0m  [["email", "test@test.com"], ["LIMIT", 1]]
  [1m[36mTRANSACTION (0.1ms)[0m  [1m[36mbegin transaction[0m
  [1m[36mUser Update (1.2ms)[0m  [1m[33mUPDATE "users" SET "remember_created_at" = ?, "updated_at" = ? WHERE "users"."id" = ?[0m  [["remember_created_at", "2022-04-29 23:23:22.090489"], ["updated_at", "2022-04-29 23:23:22.090852"], ["id", 2]]
  [1m[36mTRANSACTION (16.1ms)[0m  [1m[36mcommit transaction[0m
  [1m[36mTRANSACTION (0.1ms)[0m  [1m[36mbegin transaction[0m
  [1m[36mUser Update (1.1ms)[0m  [1m[33mUPDATE "users" SET "sign_in_count" = ?, "current_sign_in_at" = ?, "last_sign_in_at" = ?, "current_sign_in_ip" = ?, "last_sign_in_ip" = ?, "updated_at" = ? WHERE "users"."id" = ?[0m  [["sign_in_count", 1], ["current_sign_in_at", "2022-04-29 23:23:22.116720"], ["last_sign_in_at", "2022-04-29 23:23:22.116720"], ["current_sign_in_ip", "::1"], ["last_sign_in_ip", "::1"], ["updated_at", "2022-04-29 23:23:22.117079"], ["id", 2]]
  [1m[36mTRANSACTION (4.4ms)[0m  [1m[36mcommit transaction[0m
Redirected to http://localhost:3000/
Completed 302 Found in 562ms (ActiveRecord: 23.6ms | Allocations: 10395)


Started GET "/" for ::1 at 2022-04-30 02:23:22 +0300
Processing by Rails::WelcomeController#index as HTML
  Rendering D:/Apps/Ruby/Ruby31-x64/lib/ruby/gems/3.1.0/gems/railties-7.0.2.4/lib/rails/templates/rails/welcome/index.html.erb
  Rendered D:/Apps/Ruby/Ruby31-x64/lib/ruby/gems/3.1.0/gems/railties-7.0.2.4/lib/rails/templates/rails/welcome/index.html.erb (Duration: 0.3ms | Allocations: 35)
Completed 200 OK in 3ms (Views: 2.3ms | ActiveRecord: 0.0ms | Allocations: 280)


Started GET "/posts" for ::1 at 2022-04-30 02:23:43 +0300
Processing by PostsController#index as HTML
  Rendering layout layouts/application.html.erb
  Rendering posts/index.html.erb within layouts/application
  [1m[36mPost Load (0.3ms)[0m  [1m[34mSELECT "posts".* FROM "posts"[0m
  ↳ app/views/posts/index.html.erb:6
  Rendered posts/_post.html.erb (Duration: 0.2ms | Allocations: 31)
  Rendered posts/index.html.erb within layouts/application (Duration: 7.3ms | Allocations: 1101)
  [1m[36mUser Load (0.9ms)[0m  [1m[34mSELECT "users".* FROM "users" WHERE "users"."id" = ? ORDER BY "users"."id" ASC LIMIT ?[0m  [["id", 2], ["LIMIT", 1]]
  ↳ app/views/layouts/application.html.erb:15
  Rendered layout layouts/application.html.erb (Duration: 22.0ms | Allocations: 3221)
Completed 200 OK in 25ms (Views: 22.9ms | ActiveRecord: 1.2ms | Allocations: 3519)


Started GET "/users/sign_out" for ::1 at 2022-04-30 02:25:33 +0300
  
ActionController::RoutingError (No route matches [GET] "/users/sign_out"):
  
Started GET "/" for ::1 at 2022-04-30 02:31:19 +0300
Processing by Rails::WelcomeController#index as HTML
  Rendering D:/Apps/Ruby/Ruby31-x64/lib/ruby/gems/3.1.0/gems/railties-7.0.2.4/lib/rails/templates/rails/welcome/index.html.erb
  Rendered D:/Apps/Ruby/Ruby31-x64/lib/ruby/gems/3.1.0/gems/railties-7.0.2.4/lib/rails/templates/rails/welcome/index.html.erb (Duration: 1.6ms | Allocations: 306)
Completed 200 OK in 6ms (Views: 4.5ms | Allocations: 945)


Started GET "/posts" for ::1 at 2022-04-30 02:31:28 +0300
Processing by PostsController#index as HTML
  Rendering layout layouts/application.html.erb
  Rendering posts/index.html.erb within layouts/application
  [1m[35m (0.1ms)[0m  [1m[34mSELECT sqlite_version(*)[0m
  ↳ app/views/posts/index.html.erb:6
  [1m[36mPost Load (0.3ms)[0m  [1m[34mSELECT "posts".* FROM "posts"[0m
  ↳ app/views/posts/index.html.erb:6
  Rendered posts/_post.html.erb (Duration: 1.0ms | Allocations: 179)
  Rendered posts/index.html.erb within layouts/application (Duration: 12.2ms | Allocations: 2348)
  Rendered layout layouts/application.html.erb (Duration: 29.1ms | Allocations: 6047)
Completed 500 Internal Server Error in 38ms (ActiveRecord: 1.0ms | Allocations: 6872)


  
ActionView::Template::Error (The asset "application.js" is not present in the asset pipeline.
):
     7:     <%= csp_meta_tag %>
     8: 
     9:     <%= stylesheet_link_tag "application", "data-turbo-track": "reload" %>
    10:     <%= javascript_include_tag "application", "data-turbo-track": "reload" %>
    11:   </head>
    12: 
    13:   <body>
  
app/views/layouts/application.html.erb:10
Started GET "/posts" for ::1 at 2022-04-30 02:31:32 +0300
Processing by PostsController#index as HTML
  Rendering layout layouts/application.html.erb
  Rendering posts/index.html.erb within layouts/application
  [1m[36mPost Load (0.5ms)[0m  [1m[34mSELECT "posts".* FROM "posts"[0m
  ↳ app/views/posts/index.html.erb:6
  Rendered posts/_post.html.erb (Duration: 0.1ms | Allocations: 29)
  Rendered posts/index.html.erb within layouts/application (Duration: 6.5ms | Allocations: 989)
  Rendered layout layouts/application.html.erb (Duration: 24.3ms | Allocations: 4195)
Completed 500 Internal Server Error in 26ms (ActiveRecord: 0.5ms | Allocations: 4488)


  
ActionView::Template::Error (The asset "application.js" is not present in the asset pipeline.
):
     7:     <%= csp_meta_tag %>
     8: 
     9:     <%= stylesheet_link_tag "application", "data-turbo-track": "reload" %>
    10:     <%= javascript_include_tag "application", "data-turbo-track": "reload" %>
    11:   </head>
    12: 
    13:   <body>
  
app/views/layouts/application.html.erb:10
Started GET "/" for 127.0.0.1 at 2022-04-30 02:31:58 +0300
  [1m[35m (4.1ms)[0m  [1m[34mSELECT sqlite_version(*)[0m
  [1m[36mActiveRecord::SchemaMigration Pluck (0.2ms)[0m  [1m[34mSELECT "schema_migrations"."version" FROM "schema_migrations" ORDER BY "schema_migrations"."version" ASC[0m
Processing by Rails::WelcomeController#index as HTML
  Rendering D:/Apps/Ruby/Ruby31-x64/lib/ruby/gems/3.1.0/gems/railties-7.0.2.4/lib/rails/templates/rails/welcome/index.html.erb
  Rendered D:/Apps/Ruby/Ruby31-x64/lib/ruby/gems/3.1.0/gems/railties-7.0.2.4/lib/rails/templates/rails/welcome/index.html.erb (Duration: 2.6ms | Allocations: 514)
Completed 200 OK in 26ms (Views: 10.1ms | ActiveRecord: 0.0ms | Allocations: 3555)


Started GET "/posts" for 127.0.0.1 at 2022-04-30 02:32:12 +0300
Processing by PostsController#index as HTML
  Rendering layout layouts/application.html.erb
  Rendering posts/index.html.erb within layouts/application
  [1m[36mPost Load (0.6ms)[0m  [1m[34mSELECT "posts".* FROM "posts"[0m
  ↳ app/views/posts/index.html.erb:6
  Rendered posts/_post.html.erb (Duration: 0.9ms | Allocations: 241)
  Rendered posts/index.html.erb within layouts/application (Duration: 28.1ms | Allocations: 5849)
  Rendered layout layouts/application.html.erb (Duration: 142.6ms | Allocations: 17321)
Completed 500 Internal Server Error in 154ms (ActiveRecord: 2.1ms | Allocations: 19104)


  
ActionView::Template::Error (link_tree argument must be a directory):
  
app/assets/config/manifest.js:4
Started GET "/posts" for 127.0.0.1 at 2022-04-30 02:33:38 +0300
Processing by PostsController#index as HTML
  Rendering layout layouts/application.html.erb
  Rendering posts/index.html.erb within layouts/application
  [1m[36mPost Load (0.1ms)[0m  [1m[34mSELECT "posts".* FROM "posts"[0m
  ↳ app/views/posts/index.html.erb:6
  Rendered posts/_post.html.erb (Duration: 0.1ms | Allocations: 33)
  Rendered posts/index.html.erb within layouts/application (Duration: 3.0ms | Allocations: 1138)
  Rendered layout layouts/application.html.erb (Duration: 110.1ms | Allocations: 26024)
Completed 500 Internal Server Error in 112ms (ActiveRecord: 0.1ms | Allocations: 26346)


  
ActionView::Template::Error (The asset "application.js" is not present in the asset pipeline.
):
     7:     <%= csp_meta_tag %>
     8: 
     9:     <%= stylesheet_link_tag "application", "data-turbo-track": "reload" %>
    10:     <%= javascript_include_tag "application", "data-turbo-track": "reload" %>
    11:   </head>
    12: 
    13:   <body>
  
app/views/layouts/application.html.erb:10
Started GET "/posts" for 127.0.0.1 at 2022-04-30 02:35:19 +0300
  [1m[35m (1.6ms)[0m  [1m[34mSELECT sqlite_version(*)[0m
  [1m[36mActiveRecord::SchemaMigration Pluck (0.4ms)[0m  [1m[34mSELECT "schema_migrations"."version" FROM "schema_migrations" ORDER BY "schema_migrations"."version" ASC[0m
Processing by PostsController#index as HTML
  Rendering layout layouts/application.html.erb
  Rendering posts/index.html.erb within layouts/application
  [1m[36mPost Load (0.6ms)[0m  [1m[34mSELECT "posts".* FROM "posts"[0m
  ↳ app/views/posts/index.html.erb:6
  Rendered posts/_post.html.erb (Duration: 0.8ms | Allocations: 245)
  Rendered posts/index.html.erb within layouts/application (Duration: 24.8ms | Allocations: 6047)
  Rendered layout layouts/application.html.erb (Duration: 160.4ms | Allocations: 31898)
Completed 500 Internal Server Error in 190ms (ActiveRecord: 2.7ms | Allocations: 35601)


  
ActionView::Template::Error (The asset "application.js" is not present in the asset pipeline.
):
     7:     <%= csp_meta_tag %>
     8: 
     9:     <%= stylesheet_link_tag "application", "data-turbo-track": "reload" %>
    10:     <%= javascript_include_tag "application", "data-turbo-track": "reload" %>
    11:   </head>
    12: 
    13:   <body>
  
app/views/layouts/application.html.erb:10
Started GET "/posts" for 127.0.0.1 at 2022-04-30 02:35:24 +0300
Processing by PostsController#index as HTML
  Rendering layout layouts/application.html.erb
  Rendering posts/index.html.erb within layouts/application
  [1m[36mPost Load (0.2ms)[0m  [1m[34mSELECT "posts".* FROM "posts"[0m
  ↳ app/views/posts/index.html.erb:6
  Rendered posts/_post.html.erb (Duration: 0.1ms | Allocations: 33)
  Rendered posts/index.html.erb within layouts/application (Duration: 4.0ms | Allocations: 1140)
  Rendered layout layouts/application.html.erb (Duration: 16.7ms | Allocations: 4605)
Completed 500 Internal Server Error in 20ms (ActiveRecord: 0.2ms | Allocations: 4927)


  
ActionView::Template::Error (The asset "application.js" is not present in the asset pipeline.
):
     7:     <%= csp_meta_tag %>
     8: 
     9:     <%= stylesheet_link_tag "application", "data-turbo-track": "reload" %>
    10:     <%= javascript_include_tag "application", "data-turbo-track": "reload" %>
    11:   </head>
    12: 
    13:   <body>
  
app/views/layouts/application.html.erb:10
Started GET "/posts" for 127.0.0.1 at 2022-04-30 02:36:20 +0300
Processing by PostsController#index as HTML
  Rendering layout layouts/application.html.erb
  Rendering posts/index.html.erb within layouts/application
  [1m[36mPost Load (0.3ms)[0m  [1m[34mSELECT "posts".* FROM "posts"[0m
  ↳ app/views/posts/index.html.erb:6
  Rendered posts/_post.html.erb (Duration: 0.2ms | Allocations: 29)
  Rendered posts/index.html.erb within layouts/application (Duration: 4.4ms | Allocations: 980)
  Rendered layout layouts/application.html.erb (Duration: 229.6ms | Allocations: 29487)
Completed 500 Internal Server Error in 232ms (ActiveRecord: 0.3ms | Allocations: 29766)


  
ActionView::Template::Error (Asset `application.js` was not declared to be precompiled in production.
Declare links to your assets in `app/assets/config/manifest.js`.

  //= link application.js

and restart your server):
     7:     <%= csp_meta_tag %>
     8: 
     9:     <%= stylesheet_link_tag "application", "data-turbo-track": "reload" %>
    10:     <%= javascript_include_tag "application", "data-turbo-track": "reload" %>
    11:   </head>
    12: 
    13:   <body>
  
app/views/layouts/application.html.erb:10
Started GET "/posts" for 127.0.0.1 at 2022-04-30 02:36:23 +0300
Processing by PostsController#index as HTML
  Rendering layout layouts/application.html.erb
  Rendering posts/index.html.erb within layouts/application
  [1m[36mPost Load (0.1ms)[0m  [1m[34mSELECT "posts".* FROM "posts"[0m
  ↳ app/views/posts/index.html.erb:6
  Rendered posts/_post.html.erb (Duration: 0.1ms | Allocations: 29)
  Rendered posts/index.html.erb within layouts/application (Duration: 3.5ms | Allocations: 980)
  Rendered layout layouts/application.html.erb (Duration: 52.7ms | Allocations: 22826)
Completed 500 Internal Server Error in 54ms (ActiveRecord: 0.1ms | Allocations: 23103)


  
ActionView::Template::Error (Asset `application.js` was not declared to be precompiled in production.
Declare links to your assets in `app/assets/config/manifest.js`.

  //= link application.js

and restart your server):
     7:     <%= csp_meta_tag %>
     8: 
     9:     <%= stylesheet_link_tag "application", "data-turbo-track": "reload" %>
    10:     <%= javascript_include_tag "application", "data-turbo-track": "reload" %>
    11:   </head>
    12: 
    13:   <body>
  
app/views/layouts/application.html.erb:10
Started GET "/posts" for 127.0.0.1 at 2022-04-30 02:37:10 +0300
  [1m[35m (1.9ms)[0m  [1m[34mSELECT sqlite_version(*)[0m
  [1m[36mActiveRecord::SchemaMigration Pluck (0.3ms)[0m  [1m[34mSELECT "schema_migrations"."version" FROM "schema_migrations" ORDER BY "schema_migrations"."version" ASC[0m
Processing by PostsController#index as HTML
  Rendering layout layouts/application.html.erb
  Rendering posts/index.html.erb within layouts/application
  [1m[36mPost Load (0.3ms)[0m  [1m[34mSELECT "posts".* FROM "posts"[0m
  ↳ app/views/posts/index.html.erb:6
  Rendered posts/_post.html.erb (Duration: 1.2ms | Allocations: 245)
  Rendered posts/index.html.erb within layouts/application (Duration: 18.6ms | Allocations: 6047)
  Rendered layout layouts/application.html.erb (Duration: 187.2ms | Allocations: 37829)
Completed 200 OK in 220ms (Views: 195.1ms | ActiveRecord: 1.3ms | Allocations: 41576)


Started GET "/" for 127.0.0.1 at 2022-04-30 02:37:54 +0300
Processing by Rails::WelcomeController#index as HTML
  Rendering D:/Apps/Ruby/Ruby31-x64/lib/ruby/gems/3.1.0/gems/railties-7.0.2.4/lib/rails/templates/rails/welcome/index.html.erb
  Rendered D:/Apps/Ruby/Ruby31-x64/lib/ruby/gems/3.1.0/gems/railties-7.0.2.4/lib/rails/templates/rails/welcome/index.html.erb (Duration: 1.7ms | Allocations: 318)
Completed 200 OK in 7ms (Views: 4.0ms | ActiveRecord: 0.0ms | Allocations: 1112)


Started GET "/" for 127.0.0.1 at 2022-04-30 02:41:20 +0300
  [1m[35m (1.2ms)[0m  [1m[34mSELECT sqlite_version(*)[0m
  [1m[36mActiveRecord::SchemaMigration Pluck (0.4ms)[0m  [1m[34mSELECT "schema_migrations"."version" FROM "schema_migrations" ORDER BY "schema_migrations"."version" ASC[0m
Processing by Rails::WelcomeController#index as HTML
  Rendering D:/Apps/Ruby/Ruby31-x64/lib/ruby/gems/3.1.0/gems/railties-7.0.2.4/lib/rails/templates/rails/welcome/index.html.erb
  Rendered D:/Apps/Ruby/Ruby31-x64/lib/ruby/gems/3.1.0/gems/railties-7.0.2.4/lib/rails/templates/rails/welcome/index.html.erb (Duration: 3.0ms | Allocations: 514)
Completed 200 OK in 26ms (Views: 11.3ms | ActiveRecord: 0.0ms | Allocations: 3554)


Started GET "/posts" for 127.0.0.1 at 2022-04-30 02:41:26 +0300
Processing by PostsController#index as HTML
  Rendering layout layouts/application.html.erb
  Rendering posts/index.html.erb within layouts/application
  [1m[36mPost Load (0.6ms)[0m  [1m[34mSELECT "posts".* FROM "posts"[0m
  ↳ app/views/posts/index.html.erb:6
  Rendered posts/_post.html.erb (Duration: 1.6ms | Allocations: 241)
  Rendered posts/index.html.erb within layouts/application (Duration: 43.2ms | Allocations: 5984)
  Rendered layout layouts/application.html.erb (Duration: 130.7ms | Allocations: 32688)
Completed 200 OK in 141ms (Views: 132.9ms | ActiveRecord: 3.0ms | Allocations: 34278)


Started GET "/users/sign_in" for 127.0.0.1 at 2022-04-30 02:41:30 +0300
Processing by Devise::SessionsController#new as HTML
  Rendering layout layouts/application.html.erb
  Rendering D:/Apps/Ruby/Ruby31-x64/lib/ruby/gems/3.1.0/gems/devise-4.8.1/app/views/devise/sessions/new.html.erb within layouts/application
  Rendered D:/Apps/Ruby/Ruby31-x64/lib/ruby/gems/3.1.0/gems/devise-4.8.1/app/views/devise/shared/_links.html.erb (Duration: 2.5ms | Allocations: 875)
  Rendered D:/Apps/Ruby/Ruby31-x64/lib/ruby/gems/3.1.0/gems/devise-4.8.1/app/views/devise/sessions/new.html.erb within layouts/application (Duration: 58.5ms | Allocations: 5339)
  Rendered layout layouts/application.html.erb (Duration: 81.0ms | Allocations: 8441)
Completed 200 OK in 123ms (Views: 92.5ms | ActiveRecord: 1.1ms | Allocations: 19395)


Started POST "/users/sign_in" for 127.0.0.1 at 2022-04-30 02:41:43 +0300
Processing by Devise::SessionsController#create as HTML
  Parameters: {"authenticity_token"=>"[FILTERED]", "user"=>{"email"=>"test@test.com", "password"=>"[FILTERED]", "remember_me"=>"0"}, "commit"=>"Log in"}
  [1m[36mUser Load (0.6ms)[0m  [1m[34mSELECT "users".* FROM "users" WHERE "users"."email" = ? ORDER BY "users"."id" ASC LIMIT ?[0m  [["email", "test@test.com"], ["LIMIT", 1]]
  [1m[36mTRANSACTION (0.1ms)[0m  [1m[36mbegin transaction[0m
  [1m[36mUser Update (32.2ms)[0m  [1m[33mUPDATE "users" SET "sign_in_count" = ?, "current_sign_in_at" = ?, "current_sign_in_ip" = ?, "updated_at" = ? WHERE "users"."id" = ?[0m  [["sign_in_count", 2], ["current_sign_in_at", "2022-04-29 23:41:43.785950"], ["current_sign_in_ip", "127.0.0.1"], ["updated_at", "2022-04-29 23:41:43.786745"], ["id", 2]]
  [1m[36mTRANSACTION (16.5ms)[0m  [1m[36mcommit transaction[0m
Redirected to http://127.0.0.1:3000/
Completed 302 Found in 575ms (ActiveRecord: 49.4ms | Allocations: 10660)


Started GET "/" for 127.0.0.1 at 2022-04-30 02:41:43 +0300
Processing by Rails::WelcomeController#index as HTML
  Rendering D:/Apps/Ruby/Ruby31-x64/lib/ruby/gems/3.1.0/gems/railties-7.0.2.4/lib/rails/templates/rails/welcome/index.html.erb
  Rendered D:/Apps/Ruby/Ruby31-x64/lib/ruby/gems/3.1.0/gems/railties-7.0.2.4/lib/rails/templates/rails/welcome/index.html.erb (Duration: 1.3ms | Allocations: 306)
Completed 200 OK in 8ms (Views: 4.0ms | ActiveRecord: 0.0ms | Allocations: 928)


Started GET "/posts" for 127.0.0.1 at 2022-04-30 02:41:58 +0300
Processing by PostsController#index as HTML
  Rendering layout layouts/application.html.erb
  Rendering posts/index.html.erb within layouts/application
  [1m[36mPost Load (0.2ms)[0m  [1m[34mSELECT "posts".* FROM "posts"[0m
  ↳ app/views/posts/index.html.erb:6
  Rendered posts/_post.html.erb (Duration: 0.1ms | Allocations: 33)
  [1m[36mUser Load (0.5ms)[0m  [1m[34mSELECT "users".* FROM "users" WHERE "users"."id" = ? ORDER BY "users"."id" ASC LIMIT ?[0m  [["id", 2], ["LIMIT", 1]]
  ↳ app/views/posts/index.html.erb:14
  Rendered posts/index.html.erb within layouts/application (Duration: 7.3ms | Allocations: 2070)
  Rendered layout layouts/application.html.erb (Duration: 21.2ms | Allocations: 5130)
Completed 200 OK in 24ms (Views: 22.1ms | ActiveRecord: 0.7ms | Allocations: 5449)


Started GET "/" for 127.0.0.1 at 2022-05-02 17:01:26 +0300
  [1m[35m (174.1ms)[0m  [1m[34mSELECT sqlite_version(*)[0m
  [1m[36mActiveRecord::SchemaMigration Pluck (0.4ms)[0m  [1m[34mSELECT "schema_migrations"."version" FROM "schema_migrations" ORDER BY "schema_migrations"."version" ASC[0m
Processing by Rails::WelcomeController#index as HTML
  Rendering D:/Apps/Ruby/Ruby31-x64/lib/ruby/gems/3.1.0/gems/railties-7.0.2.4/lib/rails/templates/rails/welcome/index.html.erb
  Rendered D:/Apps/Ruby/Ruby31-x64/lib/ruby/gems/3.1.0/gems/railties-7.0.2.4/lib/rails/templates/rails/welcome/index.html.erb (Duration: 39.1ms | Allocations: 514)
Completed 200 OK in 200ms (Views: 85.2ms | ActiveRecord: 0.0ms | Allocations: 3554)


Started GET "/posts" for 127.0.0.1 at 2022-05-02 17:01:32 +0300
Processing by PostsController#index as HTML
  Rendering layout layouts/application.html.erb
  Rendering posts/index.html.erb within layouts/application
  [1m[36mPost Load (0.7ms)[0m  [1m[34mSELECT "posts".* FROM "posts"[0m
  ↳ app/views/posts/index.html.erb:6
  Rendered posts/_post.html.erb (Duration: 1.5ms | Allocations: 244)
  Rendered posts/index.html.erb within layouts/application (Duration: 121.3ms | Allocations: 5851)
  Rendered layout layouts/application.html.erb (Duration: 621.2ms | Allocations: 32524)
Completed 200 OK in 642ms (Views: 628.1ms | ActiveRecord: 1.7ms | Allocations: 34145)


Started GET "/posts/1" for 127.0.0.1 at 2022-05-02 17:01:40 +0300
Processing by PostsController#show as HTML
  Parameters: {"id"=>"1"}
  [1m[36mPost Load (0.6ms)[0m  [1m[34mSELECT "posts".* FROM "posts" WHERE "posts"."id" = ? LIMIT ?[0m  [["id", 1], ["LIMIT", 1]]
  ↳ app/controllers/posts_controller.rb:63:in `set_post'
  Rendering layout layouts/application.html.erb
  Rendering posts/show.html.erb within layouts/application
  Rendered posts/show.html.erb within layouts/application (Duration: 2.2ms | Allocations: 624)
  Rendered layout layouts/application.html.erb (Duration: 18.9ms | Allocations: 3651)
Completed 200 OK in 93ms (Views: 21.0ms | ActiveRecord: 0.6ms | Allocations: 6519)


Started GET "/posts" for 127.0.0.1 at 2022-05-02 17:01:42 +0300
Processing by PostsController#index as HTML
  Rendering layout layouts/application.html.erb
  Rendering posts/index.html.erb within layouts/application
  [1m[36mPost Load (0.3ms)[0m  [1m[34mSELECT "posts".* FROM "posts"[0m
  ↳ app/views/posts/index.html.erb:6
  Rendered posts/_post.html.erb (Duration: 0.1ms | Allocations: 34)
  Rendered posts/index.html.erb within layouts/application (Duration: 4.1ms | Allocations: 1006)
  Rendered layout layouts/application.html.erb (Duration: 13.4ms | Allocations: 3916)
Completed 200 OK in 17ms (Views: 15.0ms | ActiveRecord: 0.3ms | Allocations: 4223)


Started GET "/users/sign_in" for 127.0.0.1 at 2022-05-02 17:01:44 +0300
Processing by Devise::SessionsController#new as HTML
  Rendering layout layouts/application.html.erb
  Rendering D:/Apps/Ruby/Ruby31-x64/lib/ruby/gems/3.1.0/gems/devise-4.8.1/app/views/devise/sessions/new.html.erb within layouts/application
  Rendered D:/Apps/Ruby/Ruby31-x64/lib/ruby/gems/3.1.0/gems/devise-4.8.1/app/views/devise/shared/_links.html.erb (Duration: 3.2ms | Allocations: 875)
  Rendered D:/Apps/Ruby/Ruby31-x64/lib/ruby/gems/3.1.0/gems/devise-4.8.1/app/views/devise/sessions/new.html.erb within layouts/application (Duration: 337.6ms | Allocations: 5773)
  Rendered layout layouts/application.html.erb (Duration: 353.9ms | Allocations: 8874)
Completed 200 OK in 406ms (Views: 364.0ms | ActiveRecord: 2.0ms | Allocations: 19751)


Started POST "/users/sign_in" for 127.0.0.1 at 2022-05-02 17:01:54 +0300
Processing by Devise::SessionsController#create as HTML
  Parameters: {"authenticity_token"=>"[FILTERED]", "user"=>{"email"=>"test@test.com", "password"=>"[FILTERED]", "remember_me"=>"0"}, "commit"=>"Log in"}
  [1m[36mUser Load (0.4ms)[0m  [1m[34mSELECT "users".* FROM "users" WHERE "users"."email" = ? ORDER BY "users"."id" ASC LIMIT ?[0m  [["email", "test@test.com"], ["LIMIT", 1]]
  [1m[36mTRANSACTION (0.1ms)[0m  [1m[36mbegin transaction[0m
  [1m[36mUser Update (2.2ms)[0m  [1m[33mUPDATE "users" SET "sign_in_count" = ?, "current_sign_in_at" = ?, "last_sign_in_at" = ?, "last_sign_in_ip" = ?, "updated_at" = ? WHERE "users"."id" = ?[0m  [["sign_in_count", 3], ["current_sign_in_at", "2022-05-02 14:01:54.959739"], ["last_sign_in_at", "2022-04-29 23:41:43.785950"], ["last_sign_in_ip", "127.0.0.1"], ["updated_at", "2022-05-02 14:01:54.960005"], ["id", 2]]
  [1m[36mTRANSACTION (5.2ms)[0m  [1m[36mcommit transaction[0m
Redirected to http://127.0.0.1:3000/
Completed 302 Found in 538ms (ActiveRecord: 7.9ms | Allocations: 9497)


Started GET "/" for 127.0.0.1 at 2022-05-02 17:01:55 +0300
Processing by Rails::WelcomeController#index as HTML
  Rendering D:/Apps/Ruby/Ruby31-x64/lib/ruby/gems/3.1.0/gems/railties-7.0.2.4/lib/rails/templates/rails/welcome/index.html.erb
  Rendered D:/Apps/Ruby/Ruby31-x64/lib/ruby/gems/3.1.0/gems/railties-7.0.2.4/lib/rails/templates/rails/welcome/index.html.erb (Duration: 1.6ms | Allocations: 305)
Completed 200 OK in 8ms (Views: 4.9ms | ActiveRecord: 0.0ms | Allocations: 925)


Started GET "/posts" for 127.0.0.1 at 2022-05-02 17:02:10 +0300
Processing by PostsController#index as HTML
  Rendering layout layouts/application.html.erb
  Rendering posts/index.html.erb within layouts/application
  [1m[36mPost Load (0.2ms)[0m  [1m[34mSELECT "posts".* FROM "posts"[0m
  ↳ app/views/posts/index.html.erb:6
  Rendered posts/_post.html.erb (Duration: 0.1ms | Allocations: 33)
  [1m[36mUser Load (0.8ms)[0m  [1m[34mSELECT "users".* FROM "users" WHERE "users"."id" = ? ORDER BY "users"."id" ASC LIMIT ?[0m  [["id", 2], ["LIMIT", 1]]
  ↳ app/views/posts/index.html.erb:14
  Rendered posts/index.html.erb within layouts/application (Duration: 12.4ms | Allocations: 2075)
  Rendered layout layouts/application.html.erb (Duration: 34.5ms | Allocations: 5130)
Completed 200 OK in 37ms (Views: 35.5ms | ActiveRecord: 1.0ms | Allocations: 5449)


Started GET "/posts" for 127.0.0.1 at 2022-05-02 17:49:33 +0300
Processing by PostsController#index as HTML
  Rendering layout layouts/application.html.erb
  Rendering posts/index.html.erb within layouts/application
  [1m[35m (0.3ms)[0m  [1m[34mSELECT sqlite_version(*)[0m
  ↳ app/views/posts/index.html.erb:6
  [1m[36mPost Load (0.7ms)[0m  [1m[34mSELECT "posts".* FROM "posts"[0m
  ↳ app/views/posts/index.html.erb:6
  Rendered posts/_post.html.erb (Duration: 2.1ms | Allocations: 179)
  [1m[36mUser Load (0.6ms)[0m  [1m[34mSELECT "users".* FROM "users" WHERE "users"."id" = ? ORDER BY "users"."id" ASC LIMIT ?[0m  [["id", 2], ["LIMIT", 1]]
  ↳ app/views/posts/index.html.erb:14
  Rendered posts/index.html.erb within layouts/application (Duration: 25.7ms | Allocations: 3277)
  Rendered layout layouts/application.html.erb (Duration: 49.9ms | Allocations: 6685)
Completed 200 OK in 63ms (Views: 59.5ms | ActiveRecord: 3.1ms | Allocations: 7557)


Started GET "/posts" for 127.0.0.1 at 2022-05-02 17:52:38 +0300
Processing by PostsController#index as HTML
  Rendering layout layouts/application.html.erb
  Rendering posts/index.html.erb within layouts/application
  [1m[36mPost Load (0.2ms)[0m  [1m[34mSELECT "posts".* FROM "posts"[0m
  ↳ app/views/posts/index.html.erb:6
  Rendered posts/_post.html.erb (Duration: 0.5ms | Allocations: 179)
  [1m[36mUser Load (0.2ms)[0m  [1m[34mSELECT "users".* FROM "users" WHERE "users"."id" = ? ORDER BY "users"."id" ASC LIMIT ?[0m  [["id", 2], ["LIMIT", 1]]
  ↳ app/views/posts/index.html.erb:14
  Rendered posts/index.html.erb within layouts/application (Duration: 10.1ms | Allocations: 2550)
  Rendered layout layouts/application.html.erb (Duration: 20.7ms | Allocations: 5959)
Completed 200 OK in 28ms (Views: 25.2ms | ActiveRecord: 0.4ms | Allocations: 6831)


Started GET "/posts" for 127.0.0.1 at 2022-05-02 17:52:42 +0300
Processing by PostsController#index as HTML
  Rendering layout layouts/application.html.erb
  Rendering posts/index.html.erb within layouts/application
  [1m[36mPost Load (0.5ms)[0m  [1m[34mSELECT "posts".* FROM "posts"[0m
  ↳ app/views/posts/index.html.erb:6
  Rendered posts/_post.html.erb (Duration: 0.3ms | Allocations: 29)
  [1m[36mUser Load (0.5ms)[0m  [1m[34mSELECT "users".* FROM "users" WHERE "users"."id" = ? ORDER BY "users"."id" ASC LIMIT ?[0m  [["id", 2], ["LIMIT", 1]]
  ↳ app/views/posts/index.html.erb:14
  Rendered posts/index.html.erb within layouts/application (Duration: 13.5ms | Allocations: 1769)
  Rendered layout layouts/application.html.erb (Duration: 39.1ms | Allocations: 4703)
Completed 200 OK in 43ms (Views: 40.0ms | ActiveRecord: 1.1ms | Allocations: 5017)


Started GET "/posts/1" for 127.0.0.1 at 2022-05-02 17:53:32 +0300
Processing by PostsController#show as HTML
  Parameters: {"id"=>"1"}
  [1m[36mPost Load (0.2ms)[0m  [1m[34mSELECT "posts".* FROM "posts" WHERE "posts"."id" = ? LIMIT ?[0m  [["id", 1], ["LIMIT", 1]]
  ↳ app/controllers/posts_controller.rb:63:in `set_post'
  Rendering layout layouts/application.html.erb
  Rendering posts/show.html.erb within layouts/application
  [1m[36mUser Load (0.4ms)[0m  [1m[34mSELECT "users".* FROM "users" WHERE "users"."id" = ? ORDER BY "users"."id" ASC LIMIT ?[0m  [["id", 2], ["LIMIT", 1]]
  ↳ app/views/posts/show.html.erb:1
  Rendered posts/show.html.erb within layouts/application (Duration: 5.2ms | Allocations: 1484)
  Rendered layout layouts/application.html.erb (Duration: 15.5ms | Allocations: 4420)
Completed 200 OK in 22ms (Views: 17.0ms | ActiveRecord: 0.6ms | Allocations: 5303)


